<?xml version="1.0" encoding="UTF-8"?>
<!-- Generated by org.testng.reporters.JUnitXMLReporter -->
<testsuite ignored="0" hostname="DESKTOP-640T3I7" failures="0" tests="3" name="Submit Order Test" time="41.838" errors="0" timestamp="2024-07-28T16:31:40 WIB">
  <testcase classname="FwProjectParent.SubmitOrderTest2" name="submitOrder" time="17.519"/>
  <testcase classname="FwProjectParent.SubmitOrderTest2" name="submitOrder" time="15.983"/>
  <testcase classname="FwProjectParent.SubmitOrderTest2" name="orderHistoryTest" time="5.952"/>
</testsuite> <!-- Submit Order Test -->
