<?xml version="1.0" encoding="UTF-8"?>
<!-- Generated by org.testng.reporters.JUnitXMLReporter -->
<testsuite ignored="0" hostname="DESKTOP-640T3I7" failures="1" tests="3" name="Error Validations Test" time="31.52" errors="0" timestamp="2024-07-28T16:38:52 WIB">
  <testcase classname="FwProjectParent.ErrorValidation" name="loginErrorValidation" time="7.784">
    <skipped/>
  </testcase> <!-- loginErrorValidation -->
  <testcase classname="FwProjectParent.ErrorValidation" name="loginErrorValidation" time="6.259">
    <failure type="java.lang.AssertionError" message="expected [Incorrect email or password#!@!@.] but found [Incorrect email or password.]">
      <![CDATA[java.lang.AssertionError: expected [Incorrect email or password#!@!@.] but found [Incorrect email or password.]
at FwProjectParent.ErrorValidation.loginErrorValidation(ErrorValidation.java:27)
at java.base/java.util.ArrayList.forEach(ArrayList.java:1511)
... Removed 37 stack frames]]>
    </failure>
  </testcase> <!-- loginErrorValidation -->
  <testcase classname="FwProjectParent.ErrorValidation" name="productErrorValidation" time="15.076"/>
</testsuite> <!-- Error Validations Test -->
