<?xml version="1.0" encoding="UTF-8"?>
<!-- Generated by org.testng.reporters.JUnitXMLReporter -->
<testsuite ignored="0" hostname="DESKTOP-640T3I7" failures="0" tests="3" name="Submit Order Test" time="43.865" errors="0" timestamp="2024-07-28T16:42:48 WIB">
  <testcase classname="FwProjectParent.SubmitOrderTest2" name="submitOrder" time="18.547"/>
  <testcase classname="FwProjectParent.SubmitOrderTest2" name="submitOrder" time="16.043"/>
  <testcase classname="FwProjectParent.SubmitOrderTest2" name="orderHistoryTest" time="6.329"/>
</testsuite> <!-- Submit Order Test -->
