<?xml version="1.0" encoding="UTF-8"?>
<testng-results ignored="0" total="2" passed="2" failed="0" skipped="0">
  <reporter-output>
  </reporter-output>
  <suite started-at="2024-07-29T17:17:15 WIB" name="Default suite" finished-at="2024-07-29T17:17:37 WIB" duration-ms="21842">
    <groups>
      <group name="cucumber">
        <method signature="AbstractTestNGCucumberTests.runScenario(io.cucumber.testng.PickleWrapper,io.cucumber.testng.FeatureWrapper)[pri:0, instance:cucumber.TestNGTestRunner@14028087]" name="runScenario" class="io.cucumber.testng.AbstractTestNGCucumberTests"/>
      </group> <!-- cucumber -->
    </groups>
    <test started-at="2024-07-29T17:17:15 WIB" name="Default test" finished-at="2024-07-29T17:17:37 WIB" duration-ms="21842">
      <class name="cucumber.TestNGTestRunner">
        <test-method is-config="true" signature="setUpClass(org.testng.ITestContext)[pri:0, instance:cucumber.TestNGTestRunner@14028087]" started-at="2024-07-29T17:17:15 WIB" name="setUpClass" finished-at="2024-07-29T17:17:17 WIB" duration-ms="1524" status="PASS">
          <params>
            <param index="0">
              <value>
                <![CDATA[org.testng.TestRunner@8851ce1]]>
              </value>
            </param>
          </params>
          <reporter-output>
          </reporter-output>
        </test-method> <!-- setUpClass -->
        <test-method signature="runScenario(io.cucumber.testng.PickleWrapper,io.cucumber.testng.FeatureWrapper)[pri:0, instance:cucumber.TestNGTestRunner@14028087]" started-at="2024-07-29T17:17:17 WIB" name="runScenario" description="Runs Cucumber Scenarios" data-provider="scenarios" finished-at="2024-07-29T17:17:28 WIB" duration-ms="11803" status="PASS">
          <params>
            <param index="0">
              <value>
                <![CDATA["Positive Login Error Validation"]]>
              </value>
            </param>
            <param index="1">
              <value>
                <![CDATA["Login Error Validation"]]>
              </value>
            </param>
          </params>
          <reporter-output>
          </reporter-output>
        </test-method> <!-- runScenario -->
        <test-method signature="runScenario(io.cucumber.testng.PickleWrapper,io.cucumber.testng.FeatureWrapper)[pri:0, instance:cucumber.TestNGTestRunner@14028087]" started-at="2024-07-29T17:17:28 WIB" name="runScenario" description="Runs Cucumber Scenarios" data-provider="scenarios" finished-at="2024-07-29T17:17:37 WIB" duration-ms="8295" status="PASS">
          <params>
            <param index="0">
              <value>
                <![CDATA["Positive Login Error Validation"]]>
              </value>
            </param>
            <param index="1">
              <value>
                <![CDATA["Login Error Validation"]]>
              </value>
            </param>
          </params>
          <reporter-output>
          </reporter-output>
        </test-method> <!-- runScenario -->
        <test-method is-config="true" signature="tearDownClass()[pri:0, instance:cucumber.TestNGTestRunner@14028087]" started-at="2024-07-29T17:17:37 WIB" name="tearDownClass" finished-at="2024-07-29T17:17:37 WIB" duration-ms="97" status="PASS">
          <reporter-output>
          </reporter-output>
        </test-method> <!-- tearDownClass -->
      </class> <!-- cucumber.TestNGTestRunner -->
    </test> <!-- Default test -->
  </suite> <!-- Default suite -->
</testng-results>
